DEB [20160401-11:22:08.168] thr=1   paramiko.transport: starting thread (client mode): 0x3f4f860
DEB [20160401-11:22:08.168] thr=1   paramiko.transport: Local version/idstring: SSH-2.0-paramiko_1.16.0
DEB [20160401-11:22:08.191] thr=1   paramiko.transport: Remote version/idstring: SSH-2.0-OpenSSH_5.3
INF [20160401-11:22:08.192] thr=1   paramiko.transport: Connected (version 2.0, client OpenSSH_5.3)
DEB [20160401-11:22:08.196] thr=1   paramiko.transport: kex algos:['diffie-hellman-group-exchange-sha256', 'diffie-hellman-group-exchange-sha1', 'diffie-hellman-group14-sha1', 'diffie-hellman-group1-sha1'] server key:['ssh-rsa', 'ssh-dss'] client encrypt:['aes128-ctr', 'aes192-ctr', 'aes256-ctr', 'arcfour256', 'arcfour128', 'aes128-cbc', '3des-cbc', 'blowfish-cbc', 'cast128-cbc', 'aes192-cbc', 'aes256-cbc', 'arcfour', 'rijndael-cbc@lysator.liu.se'] server encrypt:['aes128-ctr', 'aes192-ctr', 'aes256-ctr', 'arcfour256', 'arcfour128', 'aes128-cbc', '3des-cbc', 'blowfish-cbc', 'cast128-cbc', 'aes192-cbc', 'aes256-cbc', 'arcfour', 'rijndael-cbc@lysator.liu.se'] client mac:['hmac-md5', 'hmac-sha1', 'umac-64@openssh.com', 'hmac-sha2-256', 'hmac-sha2-512', 'hmac-ripemd160', 'hmac-ripemd160@openssh.com', 'hmac-sha1-96', 'hmac-md5-96'] server mac:['hmac-md5', 'hmac-sha1', 'umac-64@openssh.com', 'hmac-sha2-256', 'hmac-sha2-512', 'hmac-ripemd160', 'hmac-ripemd160@openssh.com', 'hmac-sha1-96', 'hmac-md5-96'] client compress:['none', 'zlib@openssh.com'] server compress:['none', 'zlib@openssh.com'] client lang:[''] server lang:[''] kex follows?False
DEB [20160401-11:22:08.196] thr=1   paramiko.transport: Kex agreed: diffie-hellman-group1-sha1
DEB [20160401-11:22:08.196] thr=1   paramiko.transport: Cipher agreed: aes128-ctr
DEB [20160401-11:22:08.196] thr=1   paramiko.transport: MAC agreed: hmac-sha2-256
DEB [20160401-11:22:08.196] thr=1   paramiko.transport: Compression agreed: none
DEB [20160401-11:22:08.218] thr=1   paramiko.transport: kex engine KexGroup1 specified hash_algo <built-in function openssl_sha1>
DEB [20160401-11:22:08.219] thr=1   paramiko.transport: Switch to new keys ...
DEB [20160401-11:22:08.259] thr=1   paramiko.transport: userauth is OK
INF [20160401-11:22:08.285] thr=1   paramiko.transport: Authentication (password) successful!
DEB [20160401-11:22:08.286] thr=2   paramiko.transport: [chan 0] Max packet in: 32768 bytes
DEB [20160401-11:22:08.391] thr=1   paramiko.transport: [chan 0] Max packet out: 32768 bytes
DEB [20160401-11:22:08.391] thr=1   paramiko.transport: Secsh channel 0 opened.
DEB [20160401-11:22:08.393] thr=1   paramiko.transport: [chan 0] Sesch channel 0 request ok
DEB [20160401-11:22:08.395] thr=1   paramiko.transport: [chan 0] Sesch channel 0 request ok
DEB [20160401-11:22:12.134] thr=1   paramiko.transport: [chan 0] EOF received (0)
DEB [20160401-11:22:12.136] thr=1   paramiko.transport: [chan 0] EOF sent (0)
DEB [20160401-11:22:12.560] thr=1   paramiko.transport: EOF in transport thread
